[2024-12-17 17:39:10,226][easyocr.easyocr][WARNING] - Neither CUDA nor MPS are available - defaulting to CPU. Note: This module is much faster with a GPU.
[2024-12-17 18:27:30,450][easyocr.easyocr][WARNING] - Neither CUDA nor MPS are available - defaulting to CPU. Note: This module is much faster with a GPU.
[2024-12-17 19:01:40,642][easyocr.easyocr][WARNING] - Neither CUDA nor MPS are available - defaulting to CPU. Note: This module is much faster with a GPU.
[2024-12-17 19:01:43,744][easyocr.easyocr][WARNING] - Neither CUDA nor MPS are available - defaulting to CPU. Note: This module is much faster with a GPU.
[2024-12-17 19:01:46,581][easyocr.easyocr][WARNING] - Neither CUDA nor MPS are available - defaulting to CPU. Note: This module is much faster with a GPU.
[2024-12-17 19:01:49,771][easyocr.easyocr][WARNING] - Neither CUDA nor MPS are available - defaulting to CPU. Note: This module is much faster with a GPU.
[2024-12-17 19:01:53,934][easyocr.easyocr][WARNING] - Neither CUDA nor MPS are available - defaulting to CPU. Note: This module is much faster with a GPU.
[2024-12-17 19:01:56,848][easyocr.easyocr][WARNING] - Neither CUDA nor MPS are available - defaulting to CPU. Note: This module is much faster with a GPU.
[2024-12-17 19:02:01,958][easyocr.easyocr][WARNING] - Neither CUDA nor MPS are available - defaulting to CPU. Note: This module is much faster with a GPU.
[2024-12-17 19:02:04,814][easyocr.easyocr][WARNING] - Neither CUDA nor MPS are available - defaulting to CPU. Note: This module is much faster with a GPU.
[2024-12-17 19:02:08,454][easyocr.easyocr][WARNING] - Neither CUDA nor MPS are available - defaulting to CPU. Note: This module is much faster with a GPU.
[2024-12-17 19:30:10,946][easyocr.easyocr][WARNING] - Neither CUDA nor MPS are available - defaulting to CPU. Note: This module is much faster with a GPU.
[2024-12-17 19:30:16,927][easyocr.easyocr][WARNING] - Neither CUDA nor MPS are available - defaulting to CPU. Note: This module is much faster with a GPU.
[2024-12-17 19:30:21,354][easyocr.easyocr][WARNING] - Neither CUDA nor MPS are available - defaulting to CPU. Note: This module is much faster with a GPU.
[2024-12-17 19:30:23,904][easyocr.easyocr][WARNING] - Neither CUDA nor MPS are available - defaulting to CPU. Note: This module is much faster with a GPU.
[2024-12-17 19:30:30,526][easyocr.easyocr][WARNING] - Neither CUDA nor MPS are available - defaulting to CPU. Note: This module is much faster with a GPU.
[2024-12-17 19:30:39,281][easyocr.easyocr][WARNING] - Neither CUDA nor MPS are available - defaulting to CPU. Note: This module is much faster with a GPU.
[2024-12-17 19:30:41,732][easyocr.easyocr][WARNING] - Neither CUDA nor MPS are available - defaulting to CPU. Note: This module is much faster with a GPU.
[2024-12-17 19:30:44,673][easyocr.easyocr][WARNING] - Neither CUDA nor MPS are available - defaulting to CPU. Note: This module is much faster with a GPU.
[2024-12-17 19:30:51,531][easyocr.easyocr][WARNING] - Neither CUDA nor MPS are available - defaulting to CPU. Note: This module is much faster with a GPU.
[2024-12-22 19:55:48,622][imagededup.methods.hashing][INFO] - Start: Calculating hashes...
[2024-12-22 19:56:16,356][imagededup.methods.hashing][INFO] - End: Calculating hashes!
[2024-12-22 19:56:16,370][imagededup.methods.hashing][INFO] - Start: Evaluating hamming distances for getting duplicates
[2024-12-22 19:56:16,371][imagededup.handlers.search.retrieval][INFO] - Start: Retrieving duplicates using BKTree algorithm
[2024-12-22 19:56:30,865][imagededup.handlers.search.retrieval][INFO] - End: Retrieving duplicates using BKTree algorithm
[2024-12-22 19:56:30,865][imagededup.methods.hashing][INFO] - End: Evaluating hamming distances for getting duplicates
[2024-12-22 19:56:30,893][easyocr.easyocr][WARNING] - Neither CUDA nor MPS are available - defaulting to CPU. Note: This module is much faster with a GPU.
[2024-12-22 19:56:37,465][imagededup.methods.hashing][INFO] - Start: Calculating hashes...
[2024-12-22 19:57:00,086][imagededup.methods.hashing][INFO] - End: Calculating hashes!
[2024-12-22 19:57:00,087][imagededup.methods.hashing][INFO] - Start: Evaluating hamming distances for getting duplicates
[2024-12-22 19:57:00,087][imagededup.handlers.search.retrieval][INFO] - Start: Retrieving duplicates using BKTree algorithm
[2024-12-22 19:57:16,734][imagededup.handlers.search.retrieval][INFO] - End: Retrieving duplicates using BKTree algorithm
[2024-12-22 19:57:16,734][imagededup.methods.hashing][INFO] - End: Evaluating hamming distances for getting duplicates
[2024-12-22 19:57:16,738][easyocr.easyocr][WARNING] - Neither CUDA nor MPS are available - defaulting to CPU. Note: This module is much faster with a GPU.
[2024-12-22 21:41:07,094][easyocr.easyocr][WARNING] - Neither CUDA nor MPS are available - defaulting to CPU. Note: This module is much faster with a GPU.
[2024-12-22 21:44:30,252][easyocr.easyocr][WARNING] - Neither CUDA nor MPS are available - defaulting to CPU. Note: This module is much faster with a GPU.
[2024-12-26 18:47:04,577][easyocr.easyocr][WARNING] - Neither CUDA nor MPS are available - defaulting to CPU. Note: This module is much faster with a GPU.
[2024-12-26 18:51:23,489][easyocr.easyocr][WARNING] - Neither CUDA nor MPS are available - defaulting to CPU. Note: This module is much faster with a GPU.
[2024-12-26 19:41:29,530][easyocr.easyocr][WARNING] - Neither CUDA nor MPS are available - defaulting to CPU. Note: This module is much faster with a GPU.
[2024-12-26 19:45:23,252][easyocr.easyocr][WARNING] - Neither CUDA nor MPS are available - defaulting to CPU. Note: This module is much faster with a GPU.
[2024-12-26 19:47:40,578][easyocr.easyocr][WARNING] - Neither CUDA nor MPS are available - defaulting to CPU. Note: This module is much faster with a GPU.
[2024-12-26 19:48:02,439][easyocr.easyocr][WARNING] - Neither CUDA nor MPS are available - defaulting to CPU. Note: This module is much faster with a GPU.
[2024-12-26 19:48:18,639][easyocr.easyocr][WARNING] - Neither CUDA nor MPS are available - defaulting to CPU. Note: This module is much faster with a GPU.
[2024-12-26 19:48:33,871][easyocr.easyocr][WARNING] - Neither CUDA nor MPS are available - defaulting to CPU. Note: This module is much faster with a GPU.
[2024-12-26 19:48:38,129][easyocr.easyocr][WARNING] - Neither CUDA nor MPS are available - defaulting to CPU. Note: This module is much faster with a GPU.
[2024-12-26 19:48:48,119][easyocr.easyocr][WARNING] - Neither CUDA nor MPS are available - defaulting to CPU. Note: This module is much faster with a GPU.
[2024-12-26 19:49:11,020][easyocr.easyocr][WARNING] - Neither CUDA nor MPS are available - defaulting to CPU. Note: This module is much faster with a GPU.
[2024-12-26 19:49:25,548][easyocr.easyocr][WARNING] - Neither CUDA nor MPS are available - defaulting to CPU. Note: This module is much faster with a GPU.
[2024-12-26 19:50:00,354][easyocr.easyocr][WARNING] - Neither CUDA nor MPS are available - defaulting to CPU. Note: This module is much faster with a GPU.
[2024-12-26 19:50:19,813][easyocr.easyocr][WARNING] - Neither CUDA nor MPS are available - defaulting to CPU. Note: This module is much faster with a GPU.
[2024-12-26 19:50:45,988][easyocr.easyocr][WARNING] - Neither CUDA nor MPS are available - defaulting to CPU. Note: This module is much faster with a GPU.
[2024-12-26 19:50:49,045][easyocr.easyocr][WARNING] - Neither CUDA nor MPS are available - defaulting to CPU. Note: This module is much faster with a GPU.
[2024-12-26 19:51:08,335][easyocr.easyocr][WARNING] - Neither CUDA nor MPS are available - defaulting to CPU. Note: This module is much faster with a GPU.
[2024-12-26 19:51:12,617][easyocr.easyocr][WARNING] - Neither CUDA nor MPS are available - defaulting to CPU. Note: This module is much faster with a GPU.
[2024-12-26 19:51:27,687][easyocr.easyocr][WARNING] - Neither CUDA nor MPS are available - defaulting to CPU. Note: This module is much faster with a GPU.
[2024-12-26 19:51:30,807][easyocr.easyocr][WARNING] - Neither CUDA nor MPS are available - defaulting to CPU. Note: This module is much faster with a GPU.
[2024-12-26 19:51:48,677][easyocr.easyocr][WARNING] - Neither CUDA nor MPS are available - defaulting to CPU. Note: This module is much faster with a GPU.
[2024-12-26 19:51:51,854][easyocr.easyocr][WARNING] - Neither CUDA nor MPS are available - defaulting to CPU. Note: This module is much faster with a GPU.
[2024-12-26 19:52:11,549][easyocr.easyocr][WARNING] - Neither CUDA nor MPS are available - defaulting to CPU. Note: This module is much faster with a GPU.
[2024-12-26 19:52:20,150][easyocr.easyocr][WARNING] - Neither CUDA nor MPS are available - defaulting to CPU. Note: This module is much faster with a GPU.
[2024-12-26 19:52:28,170][easyocr.easyocr][WARNING] - Neither CUDA nor MPS are available - defaulting to CPU. Note: This module is much faster with a GPU.
[2024-12-26 19:52:36,589][easyocr.easyocr][WARNING] - Neither CUDA nor MPS are available - defaulting to CPU. Note: This module is much faster with a GPU.
[2024-12-26 19:52:47,241][easyocr.easyocr][WARNING] - Neither CUDA nor MPS are available - defaulting to CPU. Note: This module is much faster with a GPU.
[2024-12-26 19:53:01,192][easyocr.easyocr][WARNING] - Neither CUDA nor MPS are available - defaulting to CPU. Note: This module is much faster with a GPU.
[2024-12-26 19:53:05,115][easyocr.easyocr][WARNING] - Neither CUDA nor MPS are available - defaulting to CPU. Note: This module is much faster with a GPU.
[2024-12-26 19:53:10,292][easyocr.easyocr][WARNING] - Neither CUDA nor MPS are available - defaulting to CPU. Note: This module is much faster with a GPU.
[2024-12-26 19:53:13,449][easyocr.easyocr][WARNING] - Neither CUDA nor MPS are available - defaulting to CPU. Note: This module is much faster with a GPU.
[2024-12-26 19:53:17,893][easyocr.easyocr][WARNING] - Neither CUDA nor MPS are available - defaulting to CPU. Note: This module is much faster with a GPU.
[2024-12-26 19:53:21,352][easyocr.easyocr][WARNING] - Neither CUDA nor MPS are available - defaulting to CPU. Note: This module is much faster with a GPU.
[2024-12-26 19:53:24,734][easyocr.easyocr][WARNING] - Neither CUDA nor MPS are available - defaulting to CPU. Note: This module is much faster with a GPU.
[2024-12-26 19:53:45,381][easyocr.easyocr][WARNING] - Neither CUDA nor MPS are available - defaulting to CPU. Note: This module is much faster with a GPU.
[2024-12-26 19:53:48,869][easyocr.easyocr][WARNING] - Neither CUDA nor MPS are available - defaulting to CPU. Note: This module is much faster with a GPU.
[2024-12-26 19:57:12,613][easyocr.easyocr][WARNING] - Neither CUDA nor MPS are available - defaulting to CPU. Note: This module is much faster with a GPU.
[2024-12-26 19:59:27,884][easyocr.easyocr][WARNING] - Neither CUDA nor MPS are available - defaulting to CPU. Note: This module is much faster with a GPU.
[2024-12-26 19:59:50,296][easyocr.easyocr][WARNING] - Neither CUDA nor MPS are available - defaulting to CPU. Note: This module is much faster with a GPU.
[2024-12-26 20:00:06,336][easyocr.easyocr][WARNING] - Neither CUDA nor MPS are available - defaulting to CPU. Note: This module is much faster with a GPU.
[2024-12-26 20:00:21,005][easyocr.easyocr][WARNING] - Neither CUDA nor MPS are available - defaulting to CPU. Note: This module is much faster with a GPU.
[2024-12-26 20:00:24,947][easyocr.easyocr][WARNING] - Neither CUDA nor MPS are available - defaulting to CPU. Note: This module is much faster with a GPU.
[2024-12-26 20:00:34,823][easyocr.easyocr][WARNING] - Neither CUDA nor MPS are available - defaulting to CPU. Note: This module is much faster with a GPU.
[2024-12-26 20:00:57,966][easyocr.easyocr][WARNING] - Neither CUDA nor MPS are available - defaulting to CPU. Note: This module is much faster with a GPU.
[2024-12-26 20:01:11,273][easyocr.easyocr][WARNING] - Neither CUDA nor MPS are available - defaulting to CPU. Note: This module is much faster with a GPU.
[2024-12-26 20:01:42,852][easyocr.easyocr][WARNING] - Neither CUDA nor MPS are available - defaulting to CPU. Note: This module is much faster with a GPU.
[2024-12-26 20:02:02,511][easyocr.easyocr][WARNING] - Neither CUDA nor MPS are available - defaulting to CPU. Note: This module is much faster with a GPU.
[2024-12-26 20:02:13,200][easyocr.easyocr][WARNING] - Neither CUDA nor MPS are available - defaulting to CPU. Note: This module is much faster with a GPU.
[2024-12-26 20:02:16,307][easyocr.easyocr][WARNING] - Neither CUDA nor MPS are available - defaulting to CPU. Note: This module is much faster with a GPU.
[2024-12-26 20:02:31,936][easyocr.easyocr][WARNING] - Neither CUDA nor MPS are available - defaulting to CPU. Note: This module is much faster with a GPU.
[2024-12-26 20:02:35,202][easyocr.easyocr][WARNING] - Neither CUDA nor MPS are available - defaulting to CPU. Note: This module is much faster with a GPU.
[2024-12-26 20:02:50,252][easyocr.easyocr][WARNING] - Neither CUDA nor MPS are available - defaulting to CPU. Note: This module is much faster with a GPU.
[2024-12-26 20:02:53,345][easyocr.easyocr][WARNING] - Neither CUDA nor MPS are available - defaulting to CPU. Note: This module is much faster with a GPU.
[2024-12-26 20:03:11,294][easyocr.easyocr][WARNING] - Neither CUDA nor MPS are available - defaulting to CPU. Note: This module is much faster with a GPU.
[2024-12-26 20:03:14,426][easyocr.easyocr][WARNING] - Neither CUDA nor MPS are available - defaulting to CPU. Note: This module is much faster with a GPU.
[2024-12-26 20:03:33,940][easyocr.easyocr][WARNING] - Neither CUDA nor MPS are available - defaulting to CPU. Note: This module is much faster with a GPU.
[2024-12-26 20:03:42,919][easyocr.easyocr][WARNING] - Neither CUDA nor MPS are available - defaulting to CPU. Note: This module is much faster with a GPU.
[2024-12-26 20:03:51,610][easyocr.easyocr][WARNING] - Neither CUDA nor MPS are available - defaulting to CPU. Note: This module is much faster with a GPU.
[2024-12-26 20:03:59,467][easyocr.easyocr][WARNING] - Neither CUDA nor MPS are available - defaulting to CPU. Note: This module is much faster with a GPU.
[2024-12-26 20:04:06,940][easyocr.easyocr][WARNING] - Neither CUDA nor MPS are available - defaulting to CPU. Note: This module is much faster with a GPU.
[2024-12-26 20:04:20,129][easyocr.easyocr][WARNING] - Neither CUDA nor MPS are available - defaulting to CPU. Note: This module is much faster with a GPU.
[2024-12-26 20:04:24,223][easyocr.easyocr][WARNING] - Neither CUDA nor MPS are available - defaulting to CPU. Note: This module is much faster with a GPU.
[2024-12-26 20:04:28,392][easyocr.easyocr][WARNING] - Neither CUDA nor MPS are available - defaulting to CPU. Note: This module is much faster with a GPU.
[2024-12-26 20:04:31,569][easyocr.easyocr][WARNING] - Neither CUDA nor MPS are available - defaulting to CPU. Note: This module is much faster with a GPU.
[2024-12-26 20:04:34,911][easyocr.easyocr][WARNING] - Neither CUDA nor MPS are available - defaulting to CPU. Note: This module is much faster with a GPU.
[2024-12-26 20:04:39,268][easyocr.easyocr][WARNING] - Neither CUDA nor MPS are available - defaulting to CPU. Note: This module is much faster with a GPU.
[2024-12-26 20:04:42,589][easyocr.easyocr][WARNING] - Neither CUDA nor MPS are available - defaulting to CPU. Note: This module is much faster with a GPU.
[2024-12-26 20:05:01,137][easyocr.easyocr][WARNING] - Neither CUDA nor MPS are available - defaulting to CPU. Note: This module is much faster with a GPU.
[2024-12-26 20:05:03,884][easyocr.easyocr][WARNING] - Neither CUDA nor MPS are available - defaulting to CPU. Note: This module is much faster with a GPU.
[2024-12-26 20:07:01,680][easyocr.easyocr][WARNING] - Neither CUDA nor MPS are available - defaulting to CPU. Note: This module is much faster with a GPU.
[2024-12-26 20:11:45,623][easyocr.easyocr][WARNING] - Neither CUDA nor MPS are available - defaulting to CPU. Note: This module is much faster with a GPU.
[2024-12-26 20:11:51,211][easyocr.easyocr][WARNING] - Neither CUDA nor MPS are available - defaulting to CPU. Note: This module is much faster with a GPU.
[2024-12-26 20:12:04,449][easyocr.easyocr][WARNING] - Neither CUDA nor MPS are available - defaulting to CPU. Note: This module is much faster with a GPU.
[2024-12-26 20:12:09,170][easyocr.easyocr][WARNING] - Neither CUDA nor MPS are available - defaulting to CPU. Note: This module is much faster with a GPU.
[2024-12-26 20:12:14,225][easyocr.easyocr][WARNING] - Neither CUDA nor MPS are available - defaulting to CPU. Note: This module is much faster with a GPU.
[2024-12-26 20:12:18,461][easyocr.easyocr][WARNING] - Neither CUDA nor MPS are available - defaulting to CPU. Note: This module is much faster with a GPU.
[2024-12-26 20:12:37,613][easyocr.easyocr][WARNING] - Neither CUDA nor MPS are available - defaulting to CPU. Note: This module is much faster with a GPU.
[2024-12-26 20:12:50,970][easyocr.easyocr][WARNING] - Neither CUDA nor MPS are available - defaulting to CPU. Note: This module is much faster with a GPU.
[2024-12-26 20:13:01,383][easyocr.easyocr][WARNING] - Neither CUDA nor MPS are available - defaulting to CPU. Note: This module is much faster with a GPU.
[2024-12-26 20:13:05,362][easyocr.easyocr][WARNING] - Neither CUDA nor MPS are available - defaulting to CPU. Note: This module is much faster with a GPU.
[2024-12-26 20:13:21,945][easyocr.easyocr][WARNING] - Neither CUDA nor MPS are available - defaulting to CPU. Note: This module is much faster with a GPU.
[2024-12-26 20:13:35,797][easyocr.easyocr][WARNING] - Neither CUDA nor MPS are available - defaulting to CPU. Note: This module is much faster with a GPU.
[2024-12-26 20:13:44,379][easyocr.easyocr][WARNING] - Neither CUDA nor MPS are available - defaulting to CPU. Note: This module is much faster with a GPU.
[2024-12-26 20:13:51,916][easyocr.easyocr][WARNING] - Neither CUDA nor MPS are available - defaulting to CPU. Note: This module is much faster with a GPU.
[2024-12-26 20:14:08,143][easyocr.easyocr][WARNING] - Neither CUDA nor MPS are available - defaulting to CPU. Note: This module is much faster with a GPU.
[2024-12-26 20:17:10,624][easyocr.easyocr][WARNING] - Neither CUDA nor MPS are available - defaulting to CPU. Note: This module is much faster with a GPU.
[2024-12-26 20:17:25,278][easyocr.easyocr][WARNING] - Neither CUDA nor MPS are available - defaulting to CPU. Note: This module is much faster with a GPU.
[2024-12-26 20:17:32,371][easyocr.easyocr][WARNING] - Neither CUDA nor MPS are available - defaulting to CPU. Note: This module is much faster with a GPU.
[2024-12-26 20:17:47,306][easyocr.easyocr][WARNING] - Neither CUDA nor MPS are available - defaulting to CPU. Note: This module is much faster with a GPU.
[2024-12-26 20:17:54,509][easyocr.easyocr][WARNING] - Neither CUDA nor MPS are available - defaulting to CPU. Note: This module is much faster with a GPU.
[2024-12-26 20:17:59,976][easyocr.easyocr][WARNING] - Neither CUDA nor MPS are available - defaulting to CPU. Note: This module is much faster with a GPU.
[2024-12-26 20:18:15,537][easyocr.easyocr][WARNING] - Neither CUDA nor MPS are available - defaulting to CPU. Note: This module is much faster with a GPU.
[2024-12-26 20:18:44,513][easyocr.easyocr][WARNING] - Neither CUDA nor MPS are available - defaulting to CPU. Note: This module is much faster with a GPU.
[2024-12-26 20:18:48,519][easyocr.easyocr][WARNING] - Neither CUDA nor MPS are available - defaulting to CPU. Note: This module is much faster with a GPU.
[2024-12-26 20:18:52,361][easyocr.easyocr][WARNING] - Neither CUDA nor MPS are available - defaulting to CPU. Note: This module is much faster with a GPU.
[2024-12-26 20:19:05,181][easyocr.easyocr][WARNING] - Neither CUDA nor MPS are available - defaulting to CPU. Note: This module is much faster with a GPU.
[2024-12-26 20:19:18,046][easyocr.easyocr][WARNING] - Neither CUDA nor MPS are available - defaulting to CPU. Note: This module is much faster with a GPU.
[2024-12-26 21:56:49,127][easyocr.easyocr][WARNING] - Neither CUDA nor MPS are available - defaulting to CPU. Note: This module is much faster with a GPU.
[2024-12-26 21:56:57,405][easyocr.easyocr][WARNING] - Neither CUDA nor MPS are available - defaulting to CPU. Note: This module is much faster with a GPU.
[2024-12-26 21:57:09,890][easyocr.easyocr][WARNING] - Neither CUDA nor MPS are available - defaulting to CPU. Note: This module is much faster with a GPU.
[2024-12-26 21:57:14,499][easyocr.easyocr][WARNING] - Neither CUDA nor MPS are available - defaulting to CPU. Note: This module is much faster with a GPU.
[2024-12-26 21:57:19,142][easyocr.easyocr][WARNING] - Neither CUDA nor MPS are available - defaulting to CPU. Note: This module is much faster with a GPU.
[2024-12-26 21:57:21,925][easyocr.easyocr][WARNING] - Neither CUDA nor MPS are available - defaulting to CPU. Note: This module is much faster with a GPU.
[2024-12-26 21:57:38,247][easyocr.easyocr][WARNING] - Neither CUDA nor MPS are available - defaulting to CPU. Note: This module is much faster with a GPU.
[2024-12-26 21:57:43,267][easyocr.easyocr][WARNING] - Neither CUDA nor MPS are available - defaulting to CPU. Note: This module is much faster with a GPU.
[2024-12-26 21:57:47,330][easyocr.easyocr][WARNING] - Neither CUDA nor MPS are available - defaulting to CPU. Note: This module is much faster with a GPU.
[2024-12-26 21:57:59,626][easyocr.easyocr][WARNING] - Neither CUDA nor MPS are available - defaulting to CPU. Note: This module is much faster with a GPU.
